\BOOKMARK [1][-]{section.1}{\376\377\000E\000m\000p\000i\000r\000i\000c\000a\000l\000\040\000R\000e\000s\000u\000l\000t\000s}{}% 1
\BOOKMARK [2][-]{subsection.1.1}{\376\377\000D\000i\000s\000a\000g\000r\000e\000e\000m\000e\000n\000t\000\040\000S\000p\000a\000n\000n\000i\000n\000g\000\040\000R\000e\000g\000r\000e\000s\000s\000i\000o\000n\000s}{section.1}% 2
\BOOKMARK [3][-]{subsubsection.1.1.1}{\376\377\000B\000a\000s\000e\000l\000i\000n\000e\000\040\000r\000e\000g\000r\000e\000s\000s\000i\000o\000n\000s}{subsection.1.1}% 3
\BOOKMARK [3][-]{subsubsection.1.1.2}{\376\377\000R\000e\000g\000r\000e\000s\000s\000i\000o\000n\000s\000\040\000w\000i\000t\000h\000o\000u\000t\000\040\000B\000O\000N\000D}{subsection.1.1}% 4
\BOOKMARK [2][-]{subsection.1.2}{\376\377\000D\000i\000s\000a\000g\000r\000e\000e\000m\000e\000n\000t\000\040\000a\000n\000d\000\040\000v\000o\000l\000a\000t\000i\000l\000i\000t\000y\000\040\000r\000e\000g\000r\000e\000s\000s\000i\000o\000n\000s\000.}{section.1}% 5
\BOOKMARK [2][-]{subsection.1.3}{\376\377\000D\000i\000s\000a\000g\000r\000e\000e\000m\000e\000n\000t\000\040\000a\000n\000d\000\040\000b\000o\000n\000d\000\040\000r\000i\000s\000k\000\040\000p\000r\000e\000m\000i\000a\000\040\000r\000e\000g\000r\000e\000s\000s\000i\000o\000n\000s}{section.1}% 6
\BOOKMARK [1][-]{section.2}{\376\377\000U\000n\000s\000c\000e\000n\000t\000e\000d\000\040\000K\000a\000l\000m\000a\000n\000\040\000F\000i\000l\000t\000e\000r}{}% 7
\BOOKMARK [2][-]{subsection.2.1}{\376\377\000A\000p\000p\000l\000i\000c\000a\000t\000i\000o\000n\000\040\000t\000o\000\040\000t\000h\000e\000\040\000b\000a\000s\000e\000l\000i\000n\000e\000\040\000U\000K\000F\000\040\000r\000e\000s\000u\000l\000t\000s\000\040\000i\000n\000\040\000S\000e\000c\000t\000i\000o\000n\000\040\000V}{section.2}% 8
\BOOKMARK [2][-]{subsection.2.2}{\376\377\000A\000\040\000r\000e\000d\000u\000c\000e\000d\000\040\000f\000o\000r\000m\000\040\000f\000i\000l\000t\000e\000r\000i\000n\000g\000\040\000u\000s\000i\000n\000g\000\040\000m\000a\000c\000r\000o\000e\000c\000o\000n\000o\000m\000i\000c\000\040\000d\000i\000s\000a\000g\000r\000e\000e\000m\000e\000n\000t}{section.2}% 9
\BOOKMARK [1][-]{section.3}{\376\377\000U\000s\000i\000n\000g\000\040\000y\000i\000e\000l\000d\000\040\000f\000o\000r\000e\000c\000a\000s\000t\000\040\000d\000i\000s\000a\000g\000r\000e\000e\000m\000e\000n\000t\000\040\000a\000n\000d\000\040\000m\000a\000c\000r\000o\000\040\000d\000i\000s\000a\000g\000r\000e\000e\000m\000e\000n\000t\000\040\000i\000n\000\040\000t\000h\000e\000\040\000U\000K\000F}{}% 10
\BOOKMARK [1][-]{section.4}{\376\377\000A\000l\000t\000e\000r\000n\000a\000t\000i\000v\000e\000\040\000C\000a\000l\000i\000b\000r\000a\000t\000i\000o\000n}{}% 11
\BOOKMARK [1][-]{section.5}{\376\377\000R\000e\000v\000e\000r\000s\000e\000\040\000F\000a\000l\000s\000e\000\040\000C\000o\000n\000s\000e\000n\000s\000u\000s\000\040\000B\000i\000a\000s}{}% 12
\BOOKMARK [1][-]{section.6}{\376\377\000G\000e\000n\000e\000r\000a\000l\000\040\000D\000i\000s\000a\000g\000r\000e\000e\000m\000e\000n\000t}{}% 13
\BOOKMARK [2][-]{subsection.6.1}{\376\377\000D\000e\000m\000a\000n\000d\000\040\000D\000i\000s\000a\000g\000r\000e\000e\000m\000e\000n\000t\000\040\000w\000i\000t\000h\000\040\000L\000e\000a\000r\000n\000i\000n\000g\000\040\000f\000r\000o\000m\000\040\000E\000x\000p\000e\000r\000i\000e\000n\000c\000e}{section.6}% 14
\BOOKMARK [1][-]{section.7}{\376\377\000P\000r\000o\000d\000u\000c\000t\000i\000o\000n\000\040\000E\000c\000o\000n\000o\000m\000y}{}% 15
\BOOKMARK [1][-]{section.8}{\376\377\000W\000e\000a\000l\000t\000h\000\040\000S\000h\000a\000r\000e\000s}{}% 16
\BOOKMARK [1][-]{section.9}{\376\377\000C\000o\000r\000r\000e\000l\000a\000t\000i\000o\000n\000\040\000P\000u\000z\000z\000l\000e}{}% 17
\BOOKMARK [1][-]{section.10}{\376\377\000P\000r\000i\000c\000e\000-\000d\000i\000v\000i\000d\000e\000n\000d\000\040\000r\000a\000t\000i\000o\000\040\000a\000n\000d\000\040\000r\000e\000t\000u\000r\000n\000\040\000p\000r\000e\000d\000i\000c\000t\000a\000b\000i\000l\000i\000t\000y}{}% 18
\BOOKMARK [1][-]{section.11}{\376\377\000C\000h\000a\000n\000g\000e\000s\000\040\000i\000n\000\040\000d\000e\000m\000a\000n\000d\000\040\000r\000i\000s\000k\000\040\000e\000x\000p\000o\000s\000u\000r\000e}{}% 19
\BOOKMARK [1][-]{section.12}{\376\377\000B\000l\000a\000c\000k\000'\000s\000\040\000`\000`\000L\000e\000v\000e\000r\000a\000g\000e\000'\000'\000\040\000E\000f\000f\000e\000c\000t}{}% 20
