This is pdfTeX, Version 3.141592653-2.6-1.40.26 (TeX Live 2024) (preloaded format=pdflatex 2025.2.3)  22 SEP 2025 01:06
entering extended mode
 restricted \write18 enabled.
 %&-line parsing enabled.
**main.tex
(./main.tex
LaTeX2e <2024-11-01> patch level 2
L3 programming layer <2025-01-18>
(c:/texlive/2024/texmf-dist/tex/latex/elsarticle/elsarticle.cls
Document Class: elsarticle 2025/01/11, 3.4c: Elsevier Ltd
(c:/texlive/2024/texmf-dist/tex/latex/base/fontenc.sty
Package: fontenc 2021/04/29 v2.0v Standard LaTeX package
)
(c:/texlive/2024/texmf-dist/tex/latex/l3kernel/expl3.sty
Package: expl3 2025-01-18 L3 programming layer (loader) 

(c:/texlive/2024/texmf-dist/tex/latex/l3backend/l3backend-pdftex.def
File: l3backend-pdftex.def 2024-05-08 L3 backend support: PDF output (pdfTeX)
\l__color_backend_stack_int=\count196
\l__pdf_internal_box=\box52
))
(c:/texlive/2024/texmf-dist/tex/latex/l3packages/xparse/xparse.sty
Package: xparse 2024-08-16 L3 Experimental document command parser
)
(c:/texlive/2024/texmf-dist/tex/latex/etoolbox/etoolbox.sty
Package: etoolbox 2020/10/05 v2.5k e-TeX tools for LaTeX (JAW)
\etb@tempcnta=\count197
)
\@bls=\dimen141

(c:/texlive/2024/texmf-dist/tex/latex/base/article.cls
Document Class: article 2024/06/29 v1.4n Standard LaTeX document class
(c:/texlive/2024/texmf-dist/tex/latex/base/size11.clo
File: size11.clo 2024/06/29 v1.4n Standard LaTeX file (size option)
)
\c@part=\count198
\c@section=\count199
\c@subsection=\count266
\c@subsubsection=\count267
\c@paragraph=\count268
\c@subparagraph=\count269
\c@figure=\count270
\c@table=\count271
\abovecaptionskip=\skip49
\belowcaptionskip=\skip50
\bibindent=\dimen142
)
(c:/texlive/2024/texmf-dist/tex/latex/graphics/graphicx.sty
Package: graphicx 2021/09/16 v1.2d Enhanced LaTeX Graphics (DPC,SPQR)

(c:/texlive/2024/texmf-dist/tex/latex/graphics/keyval.sty
Package: keyval 2022/05/29 v1.15 key=value parser (DPC)
\KV@toks@=\toks17
)
(c:/texlive/2024/texmf-dist/tex/latex/graphics/graphics.sty
Package: graphics 2024/08/06 v1.4g Standard LaTeX Graphics (DPC,SPQR)

(c:/texlive/2024/texmf-dist/tex/latex/graphics/trig.sty
Package: trig 2023/12/02 v1.11 sin cos tan (DPC)
)
(c:/texlive/2024/texmf-dist/tex/latex/graphics-cfg/graphics.cfg
File: graphics.cfg 2016/06/04 v1.11 sample graphics configuration
)
Package graphics Info: Driver file: pdftex.def on input line 106.

(c:/texlive/2024/texmf-dist/tex/latex/graphics-def/pdftex.def
File: pdftex.def 2024/04/13 v1.2c Graphics/color driver for pdftex
))
\Gin@req@height=\dimen143
\Gin@req@width=\dimen144
)
\c@tnote=\count272
\c@fnote=\count273
\c@cnote=\count274
\c@ead=\count275
\c@elsarticle@author=\count276
\@eadauthor=\toks18
\c@affn=\count277
\absbox=\box53
\elsarticlehighlightsbox=\box54
\elsarticlegrabsbox=\box55
\keybox=\box56
\Columnwidth=\dimen145
\space@left=\dimen146
\els@boxa=\box57
\els@boxb=\box58
\leftMargin=\dimen147
\@enLab=\toks19
\@sep=\skip51
\@@sep=\skip52
 (./main.spl)
(c:/texlive/2024/texmf-dist/tex/latex/natbib/natbib.sty
Package: natbib 2010/09/13 8.31b (PWD, AO)
\bibhang=\skip53
\bibsep=\skip54
LaTeX Info: Redefining \cite on input line 694.
\c@NAT@ctr=\count278
)
\splwrite=\write3
\openout3 = `main.spl'.

\appnamewidth=\dimen148
)
(c:/texlive/2024/texmf-dist/tex/latex/amsmath/amsmath.sty
Package: amsmath 2024/11/05 v2.17t AMS math features
\@mathmargin=\skip55

For additional information on amsmath, use the `?' option.
(c:/texlive/2024/texmf-dist/tex/latex/amsmath/amstext.sty
Package: amstext 2021/08/26 v2.01 AMS text

(c:/texlive/2024/texmf-dist/tex/latex/amsmath/amsgen.sty
File: amsgen.sty 1999/11/30 v2.0 generic functions
\@emptytoks=\toks20
\ex@=\dimen149
))
(c:/texlive/2024/texmf-dist/tex/latex/amsmath/amsbsy.sty
Package: amsbsy 1999/11/29 v1.2d Bold Symbols
\pmbraise@=\dimen150
)
(c:/texlive/2024/texmf-dist/tex/latex/amsmath/amsopn.sty
Package: amsopn 2022/04/08 v2.04 operator names
)
\inf@bad=\count279
LaTeX Info: Redefining \frac on input line 233.
\uproot@=\count280
\leftroot@=\count281
LaTeX Info: Redefining \overline on input line 398.
LaTeX Info: Redefining \colon on input line 409.
\classnum@=\count282
\DOTSCASE@=\count283
LaTeX Info: Redefining \ldots on input line 495.
LaTeX Info: Redefining \dots on input line 498.
LaTeX Info: Redefining \cdots on input line 619.
\Mathstrutbox@=\box59
\strutbox@=\box60
LaTeX Info: Redefining \big on input line 721.
LaTeX Info: Redefining \Big on input line 722.
LaTeX Info: Redefining \bigg on input line 723.
LaTeX Info: Redefining \Bigg on input line 724.
\big@size=\dimen151
LaTeX Font Info:    Redeclaring font encoding OML on input line 742.
LaTeX Font Info:    Redeclaring font encoding OMS on input line 743.
\macc@depth=\count284
LaTeX Info: Redefining \bmod on input line 904.
LaTeX Info: Redefining \pmod on input line 909.
LaTeX Info: Redefining \smash on input line 939.
LaTeX Info: Redefining \relbar on input line 969.
LaTeX Info: Redefining \Relbar on input line 970.
\c@MaxMatrixCols=\count285
\dotsspace@=\muskip17
\c@parentequation=\count286
\dspbrk@lvl=\count287
\tag@help=\toks21
\row@=\count288
\column@=\count289
\maxfields@=\count290
\andhelp@=\toks22
\eqnshift@=\dimen152
\alignsep@=\dimen153
\tagshift@=\dimen154
\tagwidth@=\dimen155
\totwidth@=\dimen156
\lineht@=\dimen157
\@envbody=\toks23
\multlinegap=\skip56
\multlinetaggap=\skip57
\mathdisplay@stack=\toks24
LaTeX Info: Redefining \[ on input line 2953.
LaTeX Info: Redefining \] on input line 2954.
)
(c:/texlive/2024/texmf-dist/tex/latex/amscls/amsthm.sty
Package: amsthm 2020/05/29 v2.20.6
\thm@style=\toks25
\thm@bodyfont=\toks26
\thm@headfont=\toks27
\thm@notefont=\toks28
\thm@headpunct=\toks29
\thm@preskip=\skip58
\thm@postskip=\skip59
\thm@headsep=\skip60
\dth@everypar=\toks30
LaTeX Info: Redefining \qed on input line 273.
)
(c:/texlive/2024/texmf-dist/tex/latex/amsfonts/amsfonts.sty
Package: amsfonts 2013/01/14 v3.01 Basic AMSFonts support
\symAMSa=\mathgroup4
\symAMSb=\mathgroup5
LaTeX Font Info:    Redeclaring math symbol \hbar on input line 98.
LaTeX Font Info:    Overwriting math alphabet `\mathfrak' in version `bold'
(Font)                  U/euf/m/n --> U/euf/b/n on input line 106.
)
(c:/texlive/2024/texmf-dist/tex/latex/booktabs/booktabs.sty
Package: booktabs 2020/01/12 v1.61803398 Publication quality tables
\heavyrulewidth=\dimen158
\lightrulewidth=\dimen159
\cmidrulewidth=\dimen160
\belowrulesep=\dimen161
\belowbottomsep=\dimen162
\aboverulesep=\dimen163
\abovetopsep=\dimen164
\cmidrulesep=\dimen165
\cmidrulekern=\dimen166
\defaultaddspace=\dimen167
\@cmidla=\count291
\@cmidlb=\count292
\@aboverulesep=\dimen168
\@belowrulesep=\dimen169
\@thisruleclass=\count293
\@lastruleclass=\count294
\@thisrulewidth=\dimen170
)
(c:/texlive/2024/texmf-dist/tex/latex/caption/caption.sty
Package: caption 2023/08/05 v3.6o Customizing captions (AR)

(c:/texlive/2024/texmf-dist/tex/latex/caption/caption3.sty
Package: caption3 2023/07/31 v2.4d caption3 kernel (AR)
\caption@tempdima=\dimen171
\captionmargin=\dimen172
\caption@leftmargin=\dimen173
\caption@rightmargin=\dimen174
\caption@width=\dimen175
\caption@indent=\dimen176
\caption@parindent=\dimen177
\caption@hangindent=\dimen178
Package caption Info: elsarticle document class detected.

(c:/texlive/2024/texmf-dist/tex/latex/caption/caption-elsarticle.sto
File: caption-elsarticle.sto 2020/08/22 v2.0 Adaption of the caption package to
 the elsarticle document class (AR)
))
\c@caption@flags=\count295
\c@continuedfloat=\count296
)
(c:/texlive/2024/texmf-dist/tex/latex/hyperref/hyperref.sty
Package: hyperref 2024-11-05 v7.01l Hypertext links for LaTeX

(c:/texlive/2024/texmf-dist/tex/generic/iftex/iftex.sty
Package: iftex 2024/12/12 v1.0g TeX engine tests
)
(c:/texlive/2024/texmf-dist/tex/latex/kvsetkeys/kvsetkeys.sty
Package: kvsetkeys 2022-10-05 v1.19 Key value parser (HO)
)
(c:/texlive/2024/texmf-dist/tex/generic/kvdefinekeys/kvdefinekeys.sty
Package: kvdefinekeys 2019-12-19 v1.6 Define keys (HO)
)
(c:/texlive/2024/texmf-dist/tex/generic/pdfescape/pdfescape.sty
Package: pdfescape 2019/12/09 v1.15 Implements pdfTeX's escape features (HO)

(c:/texlive/2024/texmf-dist/tex/generic/ltxcmds/ltxcmds.sty
Package: ltxcmds 2023-12-04 v1.26 LaTeX kernel commands for general use (HO)
)
(c:/texlive/2024/texmf-dist/tex/generic/pdftexcmds/pdftexcmds.sty
Package: pdftexcmds 2020-06-27 v0.33 Utility functions of pdfTeX for LuaTeX (HO
)

(c:/texlive/2024/texmf-dist/tex/generic/infwarerr/infwarerr.sty
Package: infwarerr 2019/12/03 v1.5 Providing info/warning/error messages (HO)
)
Package pdftexcmds Info: \pdf@primitive is available.
Package pdftexcmds Info: \pdf@ifprimitive is available.
Package pdftexcmds Info: \pdfdraftmode found.
))
(c:/texlive/2024/texmf-dist/tex/latex/hycolor/hycolor.sty
Package: hycolor 2020-01-27 v1.10 Color options for hyperref/bookmark (HO)
)
(c:/texlive/2024/texmf-dist/tex/latex/hyperref/nameref.sty
Package: nameref 2023-11-26 v2.56 Cross-referencing by name of section

(c:/texlive/2024/texmf-dist/tex/latex/refcount/refcount.sty
Package: refcount 2019/12/15 v3.6 Data extraction from label references (HO)
)
(c:/texlive/2024/texmf-dist/tex/generic/gettitlestring/gettitlestring.sty
Package: gettitlestring 2019/12/15 v1.6 Cleanup title references (HO)

(c:/texlive/2024/texmf-dist/tex/latex/kvoptions/kvoptions.sty
Package: kvoptions 2022-06-15 v3.15 Key value format for package options (HO)
))
\c@section@level=\count297
)
(c:/texlive/2024/texmf-dist/tex/generic/stringenc/stringenc.sty
Package: stringenc 2019/11/29 v1.12 Convert strings between diff. encodings (HO
)
)
\@linkdim=\dimen179
\Hy@linkcounter=\count298
\Hy@pagecounter=\count299

(c:/texlive/2024/texmf-dist/tex/latex/hyperref/pd1enc.def
File: pd1enc.def 2024-11-05 v7.01l Hyperref: PDFDocEncoding definition (HO)
Now handling font encoding PD1 ...
... no UTF-8 mapping file for font encoding PD1
)
(c:/texlive/2024/texmf-dist/tex/generic/intcalc/intcalc.sty
Package: intcalc 2019/12/15 v1.3 Expandable calculations with integers (HO)
)
\Hy@SavedSpaceFactor=\count300

(c:/texlive/2024/texmf-dist/tex/latex/hyperref/puenc.def
File: puenc.def 2024-11-05 v7.01l Hyperref: PDF Unicode definition (HO)
Now handling font encoding PU ...
... no UTF-8 mapping file for font encoding PU
)
Package hyperref Info: Hyper figures OFF on input line 4157.
Package hyperref Info: Link nesting OFF on input line 4162.
Package hyperref Info: Hyper index ON on input line 4165.
Package hyperref Info: Plain pages OFF on input line 4172.
Package hyperref Info: Backreferencing OFF on input line 4177.
Package hyperref Info: Implicit mode ON; LaTeX internals redefined.
Package hyperref Info: Bookmarks ON on input line 4424.
\c@Hy@tempcnt=\count301

(c:/texlive/2024/texmf-dist/tex/latex/url/url.sty
\Urlmuskip=\muskip18
Package: url 2013/09/16  ver 3.4  Verb mode for urls, etc.
)
LaTeX Info: Redefining \url on input line 4763.
\XeTeXLinkMargin=\dimen180

(c:/texlive/2024/texmf-dist/tex/generic/bitset/bitset.sty
Package: bitset 2019/12/09 v1.3 Handle bit-vector datatype (HO)

(c:/texlive/2024/texmf-dist/tex/generic/bigintcalc/bigintcalc.sty
Package: bigintcalc 2019/12/15 v1.5 Expandable calculations on big integers (HO
)
))
\Fld@menulength=\count302
\Field@Width=\dimen181
\Fld@charsize=\dimen182
Package hyperref Info: Hyper figures OFF on input line 6042.
Package hyperref Info: Link nesting OFF on input line 6047.
Package hyperref Info: Hyper index ON on input line 6050.
Package hyperref Info: backreferencing OFF on input line 6057.
Package hyperref Info: Link coloring OFF on input line 6062.
Package hyperref Info: Link coloring with OCG OFF on input line 6067.
Package hyperref Info: PDF/A mode OFF on input line 6072.

(c:/texlive/2024/texmf-dist/tex/latex/base/atbegshi-ltx.sty
Package: atbegshi-ltx 2021/01/10 v1.0c Emulation of the original atbegshi
package with kernel methods
)
\Hy@abspage=\count303
\c@Item=\count304
\c@Hfootnote=\count305
)
Package hyperref Info: Driver (autodetected): hpdftex.

(c:/texlive/2024/texmf-dist/tex/latex/hyperref/hpdftex.def
File: hpdftex.def 2024-11-05 v7.01l Hyperref driver for pdfTeX

(c:/texlive/2024/texmf-dist/tex/latex/base/atveryend-ltx.sty
Package: atveryend-ltx 2020/08/19 v1.0a Emulation of the original atveryend pac
kage
with kernel methods
)
\Fld@listcount=\count306
\c@bookmark@seq@number=\count307

(c:/texlive/2024/texmf-dist/tex/latex/rerunfilecheck/rerunfilecheck.sty
Package: rerunfilecheck 2022-07-10 v1.10 Rerun checks for auxiliary files (HO)

(c:/texlive/2024/texmf-dist/tex/generic/uniquecounter/uniquecounter.sty
Package: uniquecounter 2019/12/15 v1.4 Provide unlimited unique counter (HO)
)
Package uniquecounter Info: New unique counter `rerunfilecheck' on input line 2
85.
)
\Hy@SectionHShift=\skip61
)
(c:/texlive/2024/texmf-dist/tex/latex/xcolor/xcolor.sty
Package: xcolor 2024/09/29 v3.02 LaTeX color extensions (UK)

(c:/texlive/2024/texmf-dist/tex/latex/graphics-cfg/color.cfg
File: color.cfg 2016/01/02 v1.6 sample color configuration
)
Package xcolor Info: Driver file: pdftex.def on input line 274.

(c:/texlive/2024/texmf-dist/tex/latex/graphics/mathcolor.ltx)
Package xcolor Info: Model `cmy' substituted by `cmy0' on input line 1349.
Package xcolor Info: Model `hsb' substituted by `rgb' on input line 1353.
Package xcolor Info: Model `RGB' extended on input line 1365.
Package xcolor Info: Model `HTML' substituted by `rgb' on input line 1367.
Package xcolor Info: Model `Hsb' substituted by `hsb' on input line 1368.
Package xcolor Info: Model `tHsb' substituted by `hsb' on input line 1369.
Package xcolor Info: Model `HSB' substituted by `hsb' on input line 1370.
Package xcolor Info: Model `Gray' substituted by `gray' on input line 1371.
Package xcolor Info: Model `wave' substituted by `hsb' on input line 1372.
)
(c:/texlive/2024/texmf-dist/tex/latex/float/float.sty
Package: float 2001/11/08 v1.3d Float enhancements (AL)
\c@float@type=\count308
\float@exts=\toks31
\float@box=\box61
\@float@everytoks=\toks32
\@floatcapt=\box62
)
(c:/texlive/2024/texmf-dist/tex/latex/tools/array.sty
Package: array 2024/10/17 v2.6g Tabular extension package (FMi)
\col@sep=\dimen183
\ar@mcellbox=\box63
\extrarowheight=\dimen184
\NC@list=\toks33
\extratabsurround=\skip62
\backup@length=\skip63
\ar@cellbox=\box64
)
(c:/texlive/2024/texmf-dist/tex/latex/multirow/multirow.sty
Package: multirow 2024/11/12 v2.9 Span multiple rows of a table
\multirow@colwidth=\skip64
\multirow@cntb=\count309
\multirow@dima=\skip65
\bigstrutjot=\dimen185
)
(c:/texlive/2024/texmf-dist/tex/latex/changepage/changepage.sty
Package: changepage 2009/10/20 v1.0c check page and change page layout
\c@cp@cntr=\count310
\cp@tempcnt=\count311
) (./jf.sty)
(c:/texlive/2024/texmf-dist/tex/latex/setspace/setspace.sty
Package: setspace 2022/12/04 v6.7b set line spacing
)
\c@lemma=\count312
\c@theorem=\count313
\c@prop=\count314
\c@corollary=\count315
\c@defn=\count316
\c@exam=\count317
\c@rmk=\count318
 (./main.aux)
\openout1 = `main.aux'.

LaTeX Font Info:    Checking defaults for OML/cmm/m/it on input line 53.
LaTeX Font Info:    ... okay on input line 53.
LaTeX Font Info:    Checking defaults for OMS/cmsy/m/n on input line 53.
LaTeX Font Info:    ... okay on input line 53.
LaTeX Font Info:    Checking defaults for OT1/cmr/m/n on input line 53.
LaTeX Font Info:    ... okay on input line 53.
LaTeX Font Info:    Checking defaults for T1/cmr/m/n on input line 53.
LaTeX Font Info:    ... okay on input line 53.
LaTeX Font Info:    Checking defaults for TS1/cmr/m/n on input line 53.
LaTeX Font Info:    ... okay on input line 53.
LaTeX Font Info:    Checking defaults for OMX/cmex/m/n on input line 53.
LaTeX Font Info:    ... okay on input line 53.
LaTeX Font Info:    Checking defaults for U/cmr/m/n on input line 53.
LaTeX Font Info:    ... okay on input line 53.
LaTeX Font Info:    Checking defaults for PD1/pdf/m/n on input line 53.
LaTeX Font Info:    ... okay on input line 53.
LaTeX Font Info:    Checking defaults for PU/pdf/m/n on input line 53.
LaTeX Font Info:    ... okay on input line 53.

(c:/texlive/2024/texmf-dist/tex/context/base/mkii/supp-pdf.mkii
[Loading MPS to PDF converter (version 2006.09.02).]
\scratchcounter=\count319
\scratchdimen=\dimen186
\scratchbox=\box65
\nofMPsegments=\count320
\nofMParguments=\count321
\everyMPshowfont=\toks34
\MPscratchCnt=\count322
\MPscratchDim=\dimen187
\MPnumerator=\count323
\makeMPintoPDFobject=\count324
\everyMPtoPDFconversion=\toks35
) (c:/texlive/2024/texmf-dist/tex/latex/epstopdf-pkg/epstopdf-base.sty
Package: epstopdf-base 2020-01-24 v2.11 Base part for package epstopdf
Package epstopdf-base Info: Redefining graphics rule for `.eps' on input line 4
85.

(c:/texlive/2024/texmf-dist/tex/latex/latexconfig/epstopdf-sys.cfg
File: epstopdf-sys.cfg 2010/07/13 v1.3 Configuration of (r)epstopdf for TeX Liv
e
))
Package caption Info: Begin \AtBeginDocument code.
Package caption Info: changepage package is loaded.
\caption@adjustwidth@hsize=\dimen188
\caption@adjustwidth@linewidth=\dimen189
Package caption Info: float package is loaded.
Package caption Info: hyperref package is loaded.
Package caption Info: End \AtBeginDocument code.
Package hyperref Info: Link coloring OFF on input line 53.

(./main.out) (./main.out)
\@outlinefile=\write4
\openout4 = `main.out'.

LaTeX Font Info:    Trying to load font information for U+msa on input line 79.


(c:/texlive/2024/texmf-dist/tex/latex/amsfonts/umsa.fd
File: umsa.fd 2013/01/14 v3.01 AMS symbols A
)
LaTeX Font Info:    Trying to load font information for U+msb on input line 79.


(c:/texlive/2024/texmf-dist/tex/latex/amsfonts/umsb.fd
File: umsb.fd 2013/01/14 v3.01 AMS symbols B
)

[1


{c:/texlive/2024/texmf-var/fonts/map/pdftex/updmap/pdftex.map}{c:/texlive/2024/
texmf-dist/fonts/enc/dvips/cm-super/cm-super-t1.enc}]

[2]

[3]

[4]

[5]

[6]

[7]

[8]

[9]

[10]

[11]
<figures/DemandDisagreementFigIntro.png, id=417, 570.933pt x 354.123pt>
File: figures/DemandDisagreementFigIntro.png Graphic file (type png)
<use figures/DemandDisagreementFigIntro.png>
Package pdftex.def Info: figures/DemandDisagreementFigIntro.png  used on input 
line 217.
(pdftex.def)             Requested size: 251.13814pt x 155.77136pt.


[12]

[13 <./figures/DemandDisagreementFigIntro.png>]

[14]

[15]

[16]

[17]

[18]

[19]

[20]

[21]
Overfull \hbox (3.52399pt too wide) in paragraph at lines 332--333
[]\T1/cmr/m/n/10.95 To fully char-ac-ter-ize the equi-lib-rium stochas-tic dis-
count fac-tor, we need to de-rive the wealth-consumption
 []



[22]

[23]
<figuresJFE/MeanDisagreementDataAndModel.png, id=581, 578.16pt x 361.35pt>
File: figuresJFE/MeanDisagreementDataAndModel.png Graphic file (type png)
<use figuresJFE/MeanDisagreementDataAndModel.png>
Package pdftex.def Info: figuresJFE/MeanDisagreementDataAndModel.png  used on i
nput line 367.
(pdftex.def)             Requested size: 251.13814pt x 156.95992pt.


[24]
<figuresJFE/APUnconditionalExcessReturnsJFE.png, id=598, 867.24pt x 578.16pt>
File: figuresJFE/APUnconditionalExcessReturnsJFE.png Graphic file (type png)
<use figuresJFE/APUnconditionalExcessReturnsJFE.png>
Package pdftex.def Info: figuresJFE/APUnconditionalExcessReturnsJFE.png  used o
n input line 382.
(pdftex.def)             Requested size: 200.90744pt x 133.9356pt.
<figuresJFE/APUnconditionalStockMarketVolatilityJFE.png, id=599, 867.24pt x 578
.16pt>
File: figuresJFE/APUnconditionalStockMarketVolatilityJFE.png Graphic file (type
 png)
<use figuresJFE/APUnconditionalStockMarketVolatilityJFE.png>
Package pdftex.def Info: figuresJFE/APUnconditionalStockMarketVolatilityJFE.png
  used on input line 383.
(pdftex.def)             Requested size: 200.90744pt x 133.9356pt.
<figuresJFE/ExRBond5yearJFE.png, id=600, 867.24pt x 578.16pt>
File: figuresJFE/ExRBond5yearJFE.png Graphic file (type png)
<use figuresJFE/ExRBond5yearJFE.png>
Package pdftex.def Info: figuresJFE/ExRBond5yearJFE.png  used on input line 384
.
(pdftex.def)             Requested size: 200.90744pt x 133.9356pt.
<figuresJFE/BondVola5yearJFE.png, id=601, 867.24pt x 578.16pt>
File: figuresJFE/BondVola5yearJFE.png Graphic file (type png)
<use figuresJFE/BondVola5yearJFE.png>
Package pdftex.def Info: figuresJFE/BondVola5yearJFE.png  used on input line 38
5.
(pdftex.def)             Requested size: 200.90744pt x 133.9356pt.
<figuresJFE/UnconditionalYieldsJFE.png, id=602, 867.24pt x 578.16pt>
File: figuresJFE/UnconditionalYieldsJFE.png Graphic file (type png)
<use figuresJFE/UnconditionalYieldsJFE.png>
Package pdftex.def Info: figuresJFE/UnconditionalYieldsJFE.png  used on input l
ine 386.
(pdftex.def)             Requested size: 200.90744pt x 133.9356pt.
<figuresJFE/UnconditionalYieldVolatilitiesJFE.png, id=603, 867.24pt x 578.16pt>

File: figuresJFE/UnconditionalYieldVolatilitiesJFE.png Graphic file (type png)
<use figuresJFE/UnconditionalYieldVolatilitiesJFE.png>
Package pdftex.def Info: figuresJFE/UnconditionalYieldVolatilitiesJFE.png  used
 on input line 387.
(pdftex.def)             Requested size: 200.90744pt x 133.9356pt.


[25 <./figuresJFE/MeanDisagreementDataAndModel.png>]

[26 <./figuresJFE/APUnconditionalExcessReturnsJFE.png> <./figuresJFE/APUncondit
ionalStockMarketVolatilityJFE.png> <./figuresJFE/ExRBond5yearJFE.png> <./figure
sJFE/BondVola5yearJFE.png> <./figuresJFE/UnconditionalYieldsJFE.png> <./figures
JFE/UnconditionalYieldVolatilitiesJFE.png>]

[27]
<figuresJFE/ConsumptionShareDiffusion.png, id=639, 1219.55624pt x 891.33pt>
File: figuresJFE/ConsumptionShareDiffusion.png Graphic file (type png)
<use figuresJFE/ConsumptionShareDiffusion.png>
Package pdftex.def Info: figuresJFE/ConsumptionShareDiffusion.png  used on inpu
t line 423.
(pdftex.def)             Requested size: 150.6844pt x 110.12392pt.
<figuresJFE/ConsumptionShareDrift.png, id=640, 1210.5225pt x 880.28876pt>
File: figuresJFE/ConsumptionShareDrift.png Graphic file (type png)
<use figuresJFE/ConsumptionShareDrift.png>
Package pdftex.def Info: figuresJFE/ConsumptionShareDrift.png  used on input li
ne 424.
(pdftex.def)             Requested size: 150.6844pt x 109.56569pt.
<figuresJFE/HistConsumptionShare.png, id=641, 1496.59125pt x 874.26625pt>
File: figuresJFE/HistConsumptionShare.png Graphic file (type png)
<use figuresJFE/HistConsumptionShare.png>
Package pdftex.def Info: figuresJFE/HistConsumptionShare.png  used on input lin
e 425.
(pdftex.def)             Requested size: 150.6844pt x 88.0187pt.
<figuresJFE/AverageConsumptionShare.png, id=642, 1353.055pt x 851.18pt>
File: figuresJFE/AverageConsumptionShare.png Graphic file (type png)
<use figuresJFE/AverageConsumptionShare.png>
Package pdftex.def Info: figuresJFE/AverageConsumptionShare.png  used on input 
line 426.
(pdftex.def)             Requested size: 150.6844pt x 94.78601pt.


[28]

[29 <./figuresJFE/ConsumptionShareDiffusion.png> <./figuresJFE/ConsumptionShare
Drift.png> <./figuresJFE/HistConsumptionShare.png> <./figuresJFE/AverageConsump
tionShare.png>]

[30]

[31]
<figures/volAPV3.png, id=681, 859.2903pt x 570.933pt>
File: figures/volAPV3.png Graphic file (type png)
<use figures/volAPV3.png>
Package pdftex.def Info: figures/volAPV3.png  used on input line 473.
(pdftex.def)             Requested size: 226.02278pt x 150.1727pt.
<figures/RPV3.png, id=682, 859.2903pt x 570.933pt>
File: figures/RPV3.png Graphic file (type png)
<use figures/RPV3.png>
Package pdftex.def Info: figures/RPV3.png  used on input line 474.
(pdftex.def)             Requested size: 226.02278pt x 150.1727pt.


[32]

[33 <./figures/volAPV3.png> <./figures/RPV3.png>]

[34]

[35]

[36]
<figures/alphaFilter.png, id=736, 617.9085pt x 323.7696pt>
File: figures/alphaFilter.png Graphic file (type png)
<use figures/alphaFilter.png>
Package pdftex.def Info: figures/alphaFilter.png  used on input line 562.
(pdftex.def)             Requested size: 226.02278pt x 118.42935pt.
<figures/ffilter.png, id=737, 612.1269pt x 323.7696pt>
File: figures/ffilter.png Graphic file (type png)
<use figures/ffilter.png>
Package pdftex.def Info: figures/ffilter.png  used on input line 563.
(pdftex.def)             Requested size: 226.02278pt x 119.54585pt.
<figures/yieldfilter.png, id=738, 626.5809pt x 323.7696pt>
File: figures/yieldfilter.png Graphic file (type png)
<use figures/yieldfilter.png>
Package pdftex.def Info: figures/yieldfilter.png  used on input line 564.
(pdftex.def)             Requested size: 226.02278pt x 116.78915pt.
<figures/DDfilter.png, id=739, 623.6901pt x 323.7696pt>
File: figures/DDfilter.png Graphic file (type png)
<use figures/DDfilter.png>
Package pdftex.def Info: figures/DDfilter.png  used on input line 565.
(pdftex.def)             Requested size: 226.02278pt x 117.3326pt.


[37 <./figures/alphaFilter.png> <./figures/ffilter.png> <./figures/yieldfilter.
png> <./figures/DDfilter.png>]
Overfull \hbox (15.31754pt too wide) in paragraph at lines 577--592
 [][] 
 []



[38]

[39]

[40]

[41]

[42] (./main.bbl

[43]

[44]

[45]

[46])
\c@aexample=\count325

pdfTeX warning (ext4): destination with the same identifier (name{section.1}) h
as been already used, duplicate ignored
<to be read again> 
                   \relax 
l.675 \section{Appendix}
                        \label{sec:Appendix}
pdfTeX warning (ext4): destination with the same identifier (name{equation.1}) 
has been already used, duplicate ignored
<to be read again> 
                   \relax 
l.679 \begin{equation}
                      \label{eq:Xtapp}
pdfTeX warning (ext4): destination with the same identifier (name{equation.1}) 
has been already used, duplicate ignored
<to be read again> 
                   \relax 
l.679 \begin{equation}
                      \label{eq:Xtapp}
pdfTeX warning (ext4): destination with the same identifier (name{equation.1}) 
has been already used, duplicate ignored
<to be read again> 
                   \relax 
l.679 \begin{equation}
                      \label{eq:Xtapp}
pdfTeX warning (ext4): destination with the same identifier (name{equation.1}) 
has been already used, duplicate ignored
<to be read again> 
                   \relax 
l.679 \begin{equation}
                      \label{eq:Xtapp}
pdfTeX warning (ext4): destination with the same identifier (name{equation.2}) 
has been already used, duplicate ignored
<to be read again> 
                   \relax 
l.685 \begin{equation}
                      
pdfTeX warning (ext4): destination with the same identifier (name{equation.2}) 
has been already used, duplicate ignored
<to be read again> 
                   \relax 
l.685 \begin{equation}
                      
pdfTeX warning (ext4): destination with the same identifier (name{equation.2}) 
has been already used, duplicate ignored
<to be read again> 
                   \relax 
l.685 \begin{equation}
                      
pdfTeX warning (ext4): destination with the same identifier (name{equation.2}) 
has been already used, duplicate ignored
<to be read again> 
                   \relax 
l.685 \begin{equation}
                      
pdfTeX warning (ext4): destination with the same identifier (name{equation.3}) 
has been already used, duplicate ignored
<to be read again> 
                   \relax 
l.689 \begin{equation}
                      
pdfTeX warning (ext4): destination with the same identifier (name{equation.3}) 
has been already used, duplicate ignored
<to be read again> 
                   \relax 
l.689 \begin{equation}
                      
pdfTeX warning (ext4): destination with the same identifier (name{equation.3}) 
has been already used, duplicate ignored
<to be read again> 
                   \relax 
l.689 \begin{equation}
                      
pdfTeX warning (ext4): destination with the same identifier (name{equation.3}) 
has been already used, duplicate ignored
<to be read again> 
                   \relax 
l.689 \begin{equation}
                      

[47]
pdfTeX warning (ext4): destination with the same identifier (name{equation.4}) 
has been already used, duplicate ignored
<to be read again> 
                   \relax 
l.696 \begin{equation}
                      
pdfTeX warning (ext4): destination with the same identifier (name{equation.4}) 
has been already used, duplicate ignored
<to be read again> 
                   \relax 
l.696 \begin{equation}
                      
pdfTeX warning (ext4): destination with the same identifier (name{equation.4}) 
has been already used, duplicate ignored
<to be read again> 
                   \relax 
l.696 \begin{equation}
                      
pdfTeX warning (ext4): destination with the same identifier (name{equation.4}) 
has been already used, duplicate ignored
<to be read again> 
                   \relax 
l.696 \begin{equation}
                      
pdfTeX warning (ext4): destination with the same identifier (name{equation.5}) 
has been already used, duplicate ignored
<to be read again> 
                   \relax 
l.700 \begin{eqnarray}
                      
pdfTeX warning (ext4): destination with the same identifier (name{equation.5}) 
has been already used, duplicate ignored
<to be read again> 
                   \relax 
l.700 \begin{eqnarray}
                      
pdfTeX warning (ext4): destination with the same identifier (name{equation.5}) 
has been already used, duplicate ignored
<to be read again> 
                   \relax 
l.700 \begin{eqnarray}
                      
pdfTeX warning (ext4): destination with the same identifier (name{equation.5}) 
has been already used, duplicate ignored
<to be read again> 
                   \relax 
l.700 \begin{eqnarray}
                      
pdfTeX warning (ext4): destination with the same identifier (name{equation.6}) 
has been already used, duplicate ignored
<to be read again> 
                   \relax 
l.715 \begin{equation}
                      
pdfTeX warning (ext4): destination with the same identifier (name{equation.6}) 
has been already used, duplicate ignored
<to be read again> 
                   \relax 
l.715 \begin{equation}
                      
pdfTeX warning (ext4): destination with the same identifier (name{equation.6}) 
has been already used, duplicate ignored
<to be read again> 
                   \relax 
l.715 \begin{equation}
                      
pdfTeX warning (ext4): destination with the same identifier (name{equation.6}) 
has been already used, duplicate ignored
<to be read again> 
                   \relax 
l.715 \begin{equation}
                      
pdfTeX warning (ext4): destination with the same identifier (name{equation.7}) 
has been already used, duplicate ignored
<to be read again> 
                   \relax 
l.725 \begin{equation}
                      
pdfTeX warning (ext4): destination with the same identifier (name{equation.7}) 
has been already used, duplicate ignored
<to be read again> 
                   \relax 
l.725 \begin{equation}
                      
pdfTeX warning (ext4): destination with the same identifier (name{equation.7}) 
has been already used, duplicate ignored
<to be read again> 
                   \relax 
l.725 \begin{equation}
                      
pdfTeX warning (ext4): destination with the same identifier (name{equation.7}) 
has been already used, duplicate ignored
<to be read again> 
                   \relax 
l.725 \begin{equation}
                      

[48]

[49] (./main.aux)
 ***********
LaTeX2e <2024-11-01> patch level 2
L3 programming layer <2025-01-18>
 ***********
Package rerunfilecheck Info: File `main.out' has not changed.
(rerunfilecheck)             Checksum: 0D8BB968146C334C64D598CB43D39BE2;4950.
 ) 
Here is how much of TeX's memory you used:
 13241 strings out of 473201
 210184 string characters out of 5720300
 631578 words of memory out of 5000000
 36096 multiletter control sequences out of 15000+600000
 579344 words of font info for 90 fonts, out of 8000000 for 9000
 1141 hyphenation exceptions out of 8191
 75i,18n,79p,2222b,716s stack positions out of 10000i,1000n,20000p,200000b,200000s

pdfTeX warning (dest): name{Hfootnote.29} has been referenced but does not exis
t, replaced by a fixed one


pdfTeX warning (dest): name{Hfootnote.28} has been referenced but does not exis
t, replaced by a fixed one


pdfTeX warning (dest): name{Hfootnote.27} has been referenced but does not exis
t, replaced by a fixed one


pdfTeX warning (dest): name{Hfootnote.26} has been referenced but does not exis
t, replaced by a fixed one


pdfTeX warning (dest): name{Hfootnote.25} has been referenced but does not exis
t, replaced by a fixed one


pdfTeX warning (dest): name{Hfootnote.24} has been referenced but does not exis
t, replaced by a fixed one


pdfTeX warning (dest): name{Hfootnote.23} has been referenced but does not exis
t, replaced by a fixed one


pdfTeX warning (dest): name{Hfootnote.22} has been referenced but does not exis
t, replaced by a fixed one


pdfTeX warning (dest): name{Hfootnote.21} has been referenced but does not exis
t, replaced by a fixed one


pdfTeX warning (dest): name{Hfootnote.20} has been referenced but does not exis
t, replaced by a fixed one


pdfTeX warning (dest): name{Hfootnote.19} has been referenced but does not exis
t, replaced by a fixed one


pdfTeX warning (dest): name{Hfootnote.18} has been referenced but does not exis
t, replaced by a fixed one


pdfTeX warning (dest): name{Hfootnote.17} has been referenced but does not exis
t, replaced by a fixed one


pdfTeX warning (dest): name{Hfootnote.16} has been referenced but does not exis
t, replaced by a fixed one


pdfTeX warning (dest): name{Hfootnote.15} has been referenced but does not exis
t, replaced by a fixed one


pdfTeX warning (dest): name{Hfootnote.14} has been referenced but does not exis
t, replaced by a fixed one


pdfTeX warning (dest): name{Hfootnote.13} has been referenced but does not exis
t, replaced by a fixed one


pdfTeX warning (dest): name{Hfootnote.12} has been referenced but does not exis
t, replaced by a fixed one


pdfTeX warning (dest): name{Hfootnote.11} has been referenced but does not exis
t, replaced by a fixed one


pdfTeX warning (dest): name{Hfootnote.10} has been referenced but does not exis
t, replaced by a fixed one


pdfTeX warning (dest): name{Hfootnote.9} has been referenced but does not exist
, replaced by a fixed one


pdfTeX warning (dest): name{Hfootnote.8} has been referenced but does not exist
, replaced by a fixed one


pdfTeX warning (dest): name{Hfootnote.7} has been referenced but does not exist
, replaced by a fixed one


pdfTeX warning (dest): name{Hfootnote.6} has been referenced but does not exist
, replaced by a fixed one


pdfTeX warning (dest): name{Hfootnote.5} has been referenced but does not exist
, replaced by a fixed one


pdfTeX warning (dest): name{Hfootnote.4} has been referenced but does not exist
, replaced by a fixed one


pdfTeX warning (dest): name{Hfootnote.3} has been referenced but does not exist
, replaced by a fixed one


pdfTeX warning (dest): name{Hfootnote.2} has been referenced but does not exist
, replaced by a fixed one


pdfTeX warning (dest): name{Hfootnote.1} has been referenced but does not exist
, replaced by a fixed one

<c:/texlive/2024/texmf-dist/fonts/type1/public/amsfonts/cm/cmex10.pfb><c:/texli
ve/2024/texmf-dist/fonts/type1/public/amsfonts/cm/cmmi10.pfb><c:/texlive/2024/t
exmf-dist/fonts/type1/public/amsfonts/cm/cmmi5.pfb><c:/texlive/2024/texmf-dist/
fonts/type1/public/amsfonts/cm/cmmi6.pfb><c:/texlive/2024/texmf-dist/fonts/type
1/public/amsfonts/cm/cmmi7.pfb><c:/texlive/2024/texmf-dist/fonts/type1/public/a
msfonts/cm/cmmi8.pfb><c:/texlive/2024/texmf-dist/fonts/type1/public/amsfonts/cm
/cmmi9.pfb><c:/texlive/2024/texmf-dist/fonts/type1/public/amsfonts/cm/cmr10.pfb
><c:/texlive/2024/texmf-dist/fonts/type1/public/amsfonts/cm/cmr6.pfb><c:/texliv
e/2024/texmf-dist/fonts/type1/public/amsfonts/cm/cmr7.pfb><c:/texlive/2024/texm
f-dist/fonts/type1/public/amsfonts/cm/cmr8.pfb><c:/texlive/2024/texmf-dist/font
s/type1/public/amsfonts/cm/cmr9.pfb><c:/texlive/2024/texmf-dist/fonts/type1/pub
lic/amsfonts/cm/cmsy10.pfb><c:/texlive/2024/texmf-dist/fonts/type1/public/amsfo
nts/cm/cmsy6.pfb><c:/texlive/2024/texmf-dist/fonts/type1/public/amsfonts/cm/cms
y7.pfb><c:/texlive/2024/texmf-dist/fonts/type1/public/amsfonts/cm/cmsy8.pfb><c:
/texlive/2024/texmf-dist/fonts/type1/public/amsfonts/cm/cmsy9.pfb><c:/texlive/2
024/texmf-dist/fonts/type1/public/amsfonts/symbols/msbm10.pfb><c:/texlive/2024/
texmf-dist/fonts/type1/public/cm-super/sfbx1000.pfb><c:/texlive/2024/texmf-dist
/fonts/type1/public/cm-super/sfbx1095.pfb><c:/texlive/2024/texmf-dist/fonts/typ
e1/public/cm-super/sfbx1440.pfb><c:/texlive/2024/texmf-dist/fonts/type1/public/
cm-super/sfrm0600.pfb><c:/texlive/2024/texmf-dist/fonts/type1/public/cm-super/s
frm0800.pfb><c:/texlive/2024/texmf-dist/fonts/type1/public/cm-super/sfrm0900.pf
b><c:/texlive/2024/texmf-dist/fonts/type1/public/cm-super/sfrm1000.pfb><c:/texl
ive/2024/texmf-dist/fonts/type1/public/cm-super/sfrm1095.pfb><c:/texlive/2024/t
exmf-dist/fonts/type1/public/cm-super/sfrm1440.pfb><c:/texlive/2024/texmf-dist/
fonts/type1/public/cm-super/sfti0600.pfb><c:/texlive/2024/texmf-dist/fonts/type
1/public/cm-super/sfti0800.pfb><c:/texlive/2024/texmf-dist/fonts/type1/public/c
m-super/sfti0900.pfb><c:/texlive/2024/texmf-dist/fonts/type1/public/cm-super/sf
ti1095.pfb><c:/texlive/2024/texmf-dist/fonts/type1/public/cm-super/sftt0900.pfb
><c:/texlive/2024/texmf-dist/fonts/type1/public/cm-super/sftt1095.pfb>
Output written on main.pdf (49 pages, 2332447 bytes).
PDF statistics:
 1023 PDF objects out of 1200 (max. 8388607)
 855 compressed objects within 9 object streams
 206 named destinations out of 1000 (max. 500000)
 291 words of extra memory for PDF output out of 10000 (max. 10000000)

